name, num. of atoms, atomic types, rmsd, max. deviation, av. deviation, pearson**2
NSC_100704,40,"C~1, C~2, H~1, O~1",0.0167,0.0565,0.0113,0.9949
NSC_10068,56,"C~1, C~2, H~1, N~1, O~1",0.0179,0.0441,0.013,0.9954
NSC_100243,37,"C~1, C~2, H~1",0.0242,0.1159,0.0142,0.9896
NSC_100201,32,"C~1, C~2, H~1, O~2",0.0243,0.0456,0.0182,0.9936
NSC_100735,25,"C~1, H~1, O~1",0.0251,0.0559,0.0207,0.9929
NSC_100761,40,"C~1, H~1, O~1",0.0256,0.0914,0.0208,0.9929
NSC_100163,26,"C~1, H~1, N~1",0.0257,0.0899,0.0169,0.9959
NSC_100690,32,"C~1, C~2, H~1, N~1, O~2",0.0269,0.0629,0.0194,0.9934
NSC_10002,68,"C~1, H~1, N~1, O~1",0.0274,0.08,0.0224,0.9937
NSC_100710,53,"C~1, C~2, H~1, N~1, O~1",0.0276,0.1116,0.0176,0.9878
NSC_100744,28,"C~1, H~1, O~1",0.0282,0.1058,0.0198,0.99
NSC_100302,42,"C~1, H~1, N~1",0.0283,0.093,0.0207,0.9942
NSC_100316,32,"C~1, C~2, H~1, N~1",0.0287,0.0943,0.0218,0.9962
NSC_10043,43,"C~1, C~2, H~1, O~1",0.0288,0.0838,0.0208,0.9903
NSC_100734,25,"C~1, C~2, H~1, O~2",0.0293,0.0569,0.0239,0.9912
NSC_100739,20,"C~1, C~2, H~1, N~1, O~1",0.0295,0.0705,0.0218,0.9951
NSC_10042,34,"C~1, C~2, H~1, N~1, O~2",0.0296,0.0625,0.023,0.9918
NSC_1005,41,"C~1, C~2, H~1, N~2",0.0298,0.0739,0.0192,0.9838
NSC_100705,43,"C~1, C~2, H~1, N~1, O~1, O~2",0.0299,0.1198,0.0189,0.9922
NSC_100714,53,"C~1, C~2, H~1, N~1, O~1",0.03,0.0788,0.0204,0.9849
NSC_100036,15,"C~1, H~1, O~1",0.0301,0.054,0.0243,0.9916
NSC_100317,27,"C~1, C~2, H~1, O~1",0.0305,0.0822,0.0185,0.9833
NSC_10019,45,"C~1, C~2, H~1, N~1, O~1, O~2",0.0306,0.0959,0.0227,0.9918
NSC_100709,50,"C~1, C~2, H~1, N~1, O~1",0.0307,0.0941,0.0208,0.9864
NSC_100219,35,"C~1, C~2, H~1, O~2",0.0316,0.1352,0.0204,0.9878
NSC_100712,51,"C~1, C~2, H~1, N~1, O~1",0.0316,0.104,0.0215,0.9899
NSC_10040,28,"C~1, C~2, H~1, N~1, O~2",0.0321,0.0622,0.0253,0.9915
NSC_100683,36,"C~1, C~2, H~1, N~1, O~1, O~2",0.0325,0.073,0.0248,0.9915
NSC_100554,18,"C~1, C~2, H~1, N~1, O~2",0.0329,0.0614,0.0262,0.9932
NSC_100227,32,"C~1, C~2, H~1, N~1, O~2",0.033,0.1013,0.0227,0.9896
NSC_100275,54,"C~1, C~2, H~1, O~2",0.0332,0.1282,0.02,0.9796
NSC_100303,33,"C~1, H~1, N~1",0.0333,0.1012,0.026,0.9981
NSC_10070,21,"C~1, H~1, O~1",0.0335,0.091,0.0238,0.9927
NSC_100212,34,"C~1, C~2, H~1, N~1, O~1",0.034,0.0945,0.0229,0.9844
NSC_100270,50,"C~1, C~2, H~1, O~2",0.0346,0.1206,0.0212,0.9791
NSC_100181,30,"C~1, C~2, H~1, O~1, O~2",0.0347,0.1303,0.0233,0.988
NSC_100722,17,"C~1, C~2, H~1, N~1, O~1, O~2",0.0351,0.0813,0.0262,0.9933
NSC_100706,44,"C~1, C~2, H~1, N~1, O~1",0.0362,0.1142,0.0253,0.9823
NSC_10039,49,"C~1, C~2, H~1, O~1, O~2",0.0363,0.134,0.0215,0.9845
NSC_100176,23,"C~1, C~2, H~1, O~2",0.0365,0.092,0.0272,0.9838
NSC_100060,68,"C~1, C~2, H~1, N~1, O~1, O~2, S~1",0.0371,0.1758,0.0234,0.9874
NSC_100682,36,"C~1, C~2, H~1, N~1, O~1, O~2",0.0371,0.0865,0.029,0.9902
NSC_100671,25,"C~1, C~2, H~1, N~1, O~2",0.0373,0.1242,0.024,0.9873
NSC_100414,35,"C~1, C~2, H~1, O~1, O~2",0.0376,0.0825,0.0304,0.989
NSC_100670,25,"C~1, C~2, H~1, N~1, O~2",0.0382,0.114,0.0238,0.9876
NSC_100251,53,"C~1, C~2, H~1, N~1, O~1, O~2",0.0384,0.1422,0.023,0.9887
NSC_100254,41,"C~1, C~2, H~1, N~1, O~2",0.0388,0.1399,0.0244,0.981
NSC_100728,22,"C~1, C~2, H~1, O~1",0.0388,0.1121,0.0254,0.9877
NSC_100059,75,"C~1, C~2, H~1, N~1, O~1, O~2",0.0392,0.1758,0.0243,0.9887
NSC_100154,21,"C~1, C~2, H~1, N~1, O~2",0.0393,0.09,0.0313,0.9917
NSC_100617,34,"C~1, C~2, H~1, N~1, N~2, O~1",0.0394,0.1441,0.0231,0.9835
NSC_100224,45,"C~1, C~2, H~1, O~1, O~2, S~1",0.0398,0.1425,0.0236,0.9895
NSC_10050,29,"C~1, C~2, H~1, O~1, O~2",0.0398,0.1611,0.0247,0.9917
NSC_100696,40,"C~1, C~2, H~1, N~1, O~2",0.0399,0.1164,0.0282,0.9837
NSC_100716,53,"C~1, C~2, H~1, N~1, O~1",0.0399,0.1633,0.0253,0.9749
NSC_100407,36,"C~1, C~2, H~1, O~1, O~2",0.04,0.0835,0.033,0.9897
NSC_100412,32,"C~1, C~2, H~1, O~1, O~2",0.04,0.0924,0.0293,0.9829
NSC_100229,37,"C~1, C~2, H~1, N~1",0.0401,0.121,0.0279,0.9793
NSC_100247,37,"C~1, C~2, H~1, O~2",0.0401,0.1099,0.029,0.9776
NSC_100614,68,"C~1, C~2, H~1, N~2, O~1",0.0405,0.144,0.023,0.9866
NSC_100689,32,"C~1, C~2, H~1, N~1, N~2, O~2",0.0405,0.162,0.0248,0.9868
NSC_100147,17,"C~1, C~2, H~1, O~2, S~1",0.0406,0.1128,0.0305,0.9866
NSC_10028,33,"C~1, C~2, H~1, N~1, N~2, O~1, O~2",0.0407,0.0878,0.0322,0.9899
NSC_10022,40,"C~1, C~2, H~1, N~1, O~1, O~2",0.0408,0.1149,0.0275,0.9908
NSC_100284,19,"C~1, C~2, H~1, N~1, N~2, O~1",0.0411,0.0878,0.0335,0.9949
NSC_100669,22,"C~1, C~2, H~1, O~1, O~2",0.0412,0.1214,0.0286,0.9843
NSC_100206,35,"C~1, C~2, H~1, O~1, O~2",0.0415,0.1683,0.026,0.9863
NSC_100169,29,"C~1, H~1, N~1, S~1",0.0425,0.1206,0.0323,0.9749
NSC_10052,30,"C~1, C~2, H~1, O~1, O~2",0.0428,0.1605,0.0296,0.9904
NSC_1006,29,"C~1, C~2, H~1, N~1, O~2",0.0428,0.108,0.0342,0.9914
NSC_100152,19,"C~1, C~2, H~1, N~1, N~2",0.0431,0.1206,0.0293,0.9873
NSC_100259,41,"C~1, C~2, H~1, O~1, O~2",0.0433,0.1354,0.0285,0.9795
NSC_100281,19,"C~1, C~2, H~1, N~1, N~2, S~1",0.0433,0.0788,0.0372,0.9923
NSC_100777,45,"C~1, C~2, H~1, N~2, O~1, O~2",0.0434,0.183,0.0276,0.9794
NSC_100624,26,"C~1, H~1, O~1",0.0439,0.1091,0.0333,0.9923
NSC_100062,59,"C~1, C~2, H~1, N~2, O~1, O~2",0.044,0.2083,0.024,0.9864
NSC_100239,31,"C~2, H~1, O~1, O~2",0.0442,0.141,0.03,0.975
NSC_100756,38,"C~1, C~2, H~1, N~1, O~1, O~2",0.0442,0.1525,0.0281,0.9887
NSC_100375,42,"C~1, C~2, H~1, N~1, N~2, O~1, O~2",0.0443,0.1091,0.0339,0.985
NSC_10012,26,"C~1, C~2, H~1, N~1, N~2, O~2",0.0446,0.0874,0.0344,0.9882
NSC_100778,19,"C~2, H~1, N~1, N~2, O~2",0.0448,0.1045,0.0335,0.9919
NSC_1000,22,"C~1, C~2, H~1, N~1, O~2",0.0449,0.1234,0.0354,0.9909
NSC_100168,31,"C~1, C~2, H~1, N~1, O~1, O~2",0.045,0.1199,0.0345,0.9904
NSC_100178,28,"C~1, C~2, H~1, N~1, O~2",0.045,0.1588,0.0284,0.9894
NSC_100593,27,"C~1, C~2, H~1, O~1, O~2",0.045,0.146,0.0364,0.9872
NSC_100277,90,"C~1, C~2, H~1, O~2",0.0454,0.138,0.033,0.9737
NSC_100751,24,"C~1, C~2, H~1, N~1, O~2",0.0456,0.1354,0.0336,0.9827
NSC_100765,36,"C~1, C~2, H~1, O~1, O~2",0.0463,0.1678,0.029,0.9817
NSC_100594,44,"C~1, C~2, H~1, N~1, O~1",0.0466,0.1941,0.0269,0.9783
NSC_100764,33,"C~1, C~2, H~1, N~2",0.0466,0.1135,0.0342,0.975
NSC_100310,38,"C~1, C~2, H~1, O~1, O~2",0.0467,0.2003,0.0289,0.9738
NSC_100058,42,"C~1, C~2, H~1, N~1, O~1",0.0469,0.2059,0.0303,0.9748
NSC_10015,29,"C~1, C~2, H~1, N~1, O~1, O~2",0.0469,0.1565,0.0283,0.9815
NSC_1002,19,"C~1, C~2, H~1, N~1, O~2",0.0469,0.0818,0.0401,0.9906
NSC_100666,22,"C~1, C~2, H~1, N~1, N~2",0.0471,0.1131,0.0315,0.9673
NSC_100694,39,"C~1, C~2, H~1, N~1, O~2, S~2",0.0471,0.2255,0.0274,0.9879
NSC_10011,24,"C~1, C~2, H~1, N~2, O~1, O~2",0.0473,0.1239,0.0357,0.9838
NSC_10076,25,"C~1, C~2, H~1, N~1, O~1, O~2",0.0481,0.1256,0.0293,0.9836
NSC_10006,15,"C~2, H~1, N~1, N~2, O~2",0.0488,0.1313,0.0366,0.9922
NSC_10008,18,"C~1, C~2, H~1, N~1, N~2, O~2",0.049,0.1413,0.0351,0.9904
NSC_100619,24,"C~1, C~2, H~1, N~2, S~1",0.049,0.1392,0.0342,0.9764
NSC_100238,44,"C~1, C~2, H~1, N~1, O~1, O~2",0.0492,0.1511,0.0317,0.9814
NSC_10054,58,"C~1, C~2, H~1, O~1, O~2",0.0494,0.1461,0.0351,0.9875
NSC_100032,26,"C~1, C~2, H~1, N~2, O~1, O~2",0.0503,0.1187,0.0375,0.9793
NSC_10061,23,"C~1, C~2, H~1, N~2, O~1, O~2",0.0504,0.1042,0.04,0.9801
NSC_100715,53,"C~1, C~2, H~1, N~1, O~1",0.0505,0.2057,0.0315,0.9618
NSC_100184,34,"C~1, C~2, H~1, N~1, O~1, O~2",0.0507,0.1579,0.0316,0.9877
NSC_10075,24,"C~1, C~2, H~1, O~1, O~2",0.0507,0.1308,0.0397,0.9816
NSC_100309,41,"C~1, C~2, H~1, O~1, O~2",0.0511,0.2431,0.0317,0.9754
NSC_100029,24,"C~2, H~1, N~2, O~1, O~2",0.0512,0.1547,0.0336,0.9795
NSC_100616,28,"C~2, H~1, N~2, O~1, O~2",0.0518,0.1401,0.0383,0.9736
NSC_10072,18,"C~1, C~2, H~1, O~1, O~2",0.0521,0.1373,0.0382,0.9864
NSC_100740,22,"C~1, C~2, H~1, N~1, O~1, O~2",0.0533,0.1006,0.0462,0.9825
NSC_100429,33,"C~1, C~2, H~1, N~1, N~2, O~1, O~2",0.0541,0.1415,0.0397,0.9872
NSC_100297,48,"C~1, C~2, H~1, N~1",0.0544,0.2497,0.0288,0.9579
NSC_100542,24,"C~1, C~2, H~1, O~1, O~2",0.0548,0.1719,0.0416,0.9841
NSC_100202,33,"C~1, C~2, H~1, N~1, O~2",0.0557,0.2214,0.0337,0.9697
NSC_100416,18,"C~1, C~2, H~1, N~1, O~1, O~2",0.0557,0.095,0.0512,0.9896
NSC_100747,28,"C~1, C~2, H~1, N~1, O~1",0.0558,0.2269,0.0347,0.9557
NSC_100441,34,"C~1, C~2, H~1, N~1, N~2, O~1, O~2, S~1",0.0562,0.1412,0.0434,0.9864
NSC_100296,45,"C~1, C~2, H~1, N~1",0.0566,0.25,0.0313,0.9587
NSC_10023,52,"C~1, C~2, H~1, O~1, O~2",0.0569,0.177,0.0383,0.9714
NSC_1004,25,"C~1, C~2, H~1, N~1, O~1, O~2",0.0578,0.14,0.0433,0.9861
NSC_100724,20,"C~1, C~2, H~1, N~1, O~2, S~2",0.0581,0.1545,0.0424,0.978
NSC_100000,29,"C~1, C~2, H~1, N~1, O~2",0.0582,0.1552,0.0395,0.97
NSC_100752,32,"C~1, C~2, H~1, N~1, O~1",0.06,0.2258,0.0418,0.9602
NSC_100192,29,"C~1, C~2, H~1, N~1, O~2",0.0605,0.2364,0.0351,0.9894
NSC_100046,46,"C~1, C~2, H~1, O~1, O~2",0.0608,0.1639,0.0443,0.98
NSC_1003,29,"C~1, C~2, H~1, N~1, O~1, O~2",0.0609,0.1442,0.0421,0.9787
NSC_10014,20,"C~1, H~1, N~1, O~1, O~2, S~2",0.061,0.139,0.0498,0.9885
NSC_100738,21,"C~1, C~2, H~1, O~1, O~2",0.0614,0.1491,0.0431,0.9805
NSC_10047,20,"C~1, C~2, H~1, N~2, O~1, O~2",0.0626,0.1311,0.0487,0.9839
NSC_100732,23,"C~1, C~2, H~1, N~2, O~1, O~2, S~1",0.063,0.1398,0.0492,0.9784
NSC_10005,21,"C~2, H~1, N~1, N~2, O~2",0.0633,0.1652,0.041,0.9888
NSC_10053,41,"C~1, C~2, H~1, N~1, N~2, O~1, O~2",0.0638,0.1719,0.0452,0.9742
NSC_100054,44,"C~1, C~2, H~1, N~1, O~1, O~2, S~1, S~2",0.0641,0.1411,0.0486,0.9861
NSC_100727,17,"C~1, C~2, H~1, O~1, S~1",0.0642,0.2163,0.0409,0.9443
NSC_100596,36,"C~1, C~2, H~1, N~1, N~2",0.0648,0.246,0.0404,0.9599
NSC_10027,25,"C~1, C~2, H~1, N~1, S~2",0.0652,0.2423,0.0391,0.9607
NSC_100133,33,"C~1, C~2, H~1, N~1, N~2, S~2",0.0654,0.241,0.0388,0.9626
NSC_10007,19,"C~1, C~2, H~1, N~1, O~2, S~2",0.0656,0.1629,0.0502,0.985
NSC_100137,30,"C~1, C~2, H~1, N~1, N~2, O~2",0.0656,0.2424,0.0411,0.972
NSC_10021,53,"C~1, C~2, H~1, N~1, N~2, O~1, O~2",0.0656,0.2159,0.047,0.9694
NSC_100618,21,"C~1, C~2, H~1, N~1, O~2",0.0671,0.1972,0.048,0.9851
NSC_100166,26,"C~1, C~2, H~1, N~1, O~2",0.0674,0.2343,0.0401,0.9655
NSC_100347,22,"C~1, C~2, H~1, N~1, N~2, O~1, O~2, S~2",0.0678,0.2005,0.0507,0.9874
NSC_100784,31,"C~1, C~2, H~1, N~1, N~2, O~1, O~2",0.0678,0.2356,0.048,0.982
NSC_100417,12,"C~2, H~1, N~1, O~1, O~2",0.0682,0.103,0.0606,0.9925
NSC_100109,29,"C~1, C~2, H~1, N~1, N~2, O~2",0.0684,0.2421,0.0447,0.9764
NSC_100279,39,"C~1, C~2, H~1, N~1, N~2, O~1",0.0685,0.2823,0.0443,0.976
NSC_100135,40,"C~1, C~2, H~1, N~1, N~2, O~1, O~2",0.0691,0.2267,0.0511,0.9743
NSC_100408,18,"C~1, C~2, H~1, N~1, N~2, O~2",0.0691,0.1543,0.0534,0.9685
NSC_100467,17,"C~1, C~2, H~1, N~1, O~2, S~2",0.0699,0.1441,0.054,0.9792
NSC_100774,42,"C~1, C~2, H~1, N~1, N~2, O~1, O~2, S~2",0.0699,0.1423,0.0576,0.9819
NSC_10025,21,"C~1, C~2, H~1, N~1, N~2, S~1, S~2",0.07,0.2023,0.051,0.967
NSC_10041,26,"C~1, C~2, H~1, O~2",0.0714,0.2941,0.0435,0.9606
NSC_10055,12,"C~2, H~1, O~1, O~2, S~1",0.0716,0.1218,0.0651,0.9871
NSC_100013,26,"C~2, H~1, N~1, O~2",0.0727,0.2544,0.0462,0.9605
NSC_100044,35,"C~1, C~2, H~1, N~1, N~2, O~1",0.0737,0.282,0.0482,0.9781
NSC_100741,28,"C~1, C~2, H~1, N~1, N~2, O~1, O~2",0.0746,0.2036,0.0546,0.957
NSC_100415,21,"C~2, H~1, N~1, N~2, O~1, O~2",0.076,0.1607,0.0621,0.9767
NSC_100053,41,"C~1, C~2, H~1, N~1, N~2, O~1, O~2, S~1",0.0768,0.2409,0.0568,0.9583
NSC_10059,23,"C~1, C~2, H~1, N~2, O~1, O~2",0.0785,0.1438,0.0635,0.9539
NSC_100235,35,"C~1, C~2, H~1, N~2, O~1, O~2",0.0803,0.1561,0.0624,0.9326
NSC_100411,21,"C~2, H~1, N~1, N~2, O~2, S~2",0.0804,0.1847,0.0638,0.9699
NSC_100049,66,"C~1, C~2, H~1, N~1, N~2, O~1, O~2",0.0806,0.2374,0.0622,0.9697
NSC_10065,35,"C~1, C~2, H~1, N~1, N~2, O~1, O~2",0.0809,0.266,0.0547,0.9663
NSC_10048,24,"C~1, C~2, H~1, N~1, N~2, O~1, O~2",0.082,0.1577,0.0693,0.9666
NSC_100750,25,"C~2, H~1, N~1, N~2, O~1, O~2",0.0823,0.2089,0.0583,0.9532
NSC_100278,32,"C~1, C~2, H~1, N~1, N~2, O~1, S~2",0.0828,0.2703,0.0577,0.9672
NSC_100035,30,"C~1, C~2, H~1, N~1, N~2, O~1, S~1",0.0838,0.2694,0.0639,0.9716
NSC_100615,22,"C~2, H~1, O~1, O~2, S~2",0.0868,0.225,0.0701,0.9813
NSC_100146,13,"C~1, C~2, H~1, N~2, O~1",0.0891,0.1861,0.0594,0.9283
NSC_100208,26,"C~2, H~1, N~2, O~1, O~2",0.0903,0.2862,0.0626,0.9519
NSC_10013,20,"C~2, H~1, N~1, N~2, O~1, O~2, S~1",0.0913,0.1559,0.0781,0.9625
NSC_100143,18,"C~1, C~2, H~1, N~1, N~2, S~1",0.0925,0.2174,0.0702,0.9357
NSC_100063,59,"C~1, C~2, H~1, N~2, O~1, O~2",0.096,0.5324,0.0376,0.8918
NSC_100729,18,"C~2, H~1, N~2, O~1",0.0998,0.297,0.0668,0.95
NSC_100691,34,"C~1, C~2, H~1, O~1, O~2, S~2",0.1084,0.4741,0.0485,0.9306
NSC_100228,35,"C~1, C~2, H~1, O~2, S~2",0.1651,0.5028,0.0804,0.9025
