name, num. of atoms, atomic types, rmsd, max. deviation, av. deviation, pearson**2
NSC_100948,36,"C~1, H~1, N~1",0.0187,0.0368,0.0162,0.9961
NSC_100302,42,"C~1, H~1, N~1",0.0237,0.071,0.0175,0.9917
NSC_100303,33,"C~1, H~1, N~1",0.0237,0.041,0.0201,0.9942
NSC_100316,32,"C~1, C~2, H~1, N~1",0.0242,0.0398,0.021,0.9904
NSC_10068,56,"C~1, C~2, H~1, N~1, O~1",0.0267,0.0683,0.022,0.989
NSC_10002,68,"C~1, H~1, N~1, O~1",0.0273,0.1194,0.0173,0.9885
NSC_101084,55,"C~1, C~2, H~1, O~2",0.0295,0.1696,0.0159,0.9868
NSC_100163,26,"C~1, H~1, N~1",0.0298,0.0635,0.0238,0.9889
NSC_100666,22,"C~1, C~2, H~1, N~1, N~2",0.031,0.0563,0.0261,0.9866
NSC_100229,37,"C~1, C~2, H~1, N~1",0.0313,0.0919,0.024,0.9874
NSC_100761,40,"C~1, H~1, O~1",0.0315,0.1476,0.0157,0.9852
NSC_101840,32,"C~1, H~1, N~1, S~1",0.0315,0.0888,0.0234,0.9849
NSC_101114,27,"C~1, C~2, H~1, O~1",0.0321,0.0867,0.0216,0.9869
NSC_100889,17,"C~1, C~2, H~1, N~1, O~2",0.0331,0.0658,0.0277,0.9936
NSC_101515,9,"C~2, H~1, N~1, N~2, S~1",0.0333,0.0818,0.0218,0.996
NSC_100882,27,"C~2, H~1, N~2, O~1",0.0336,0.0849,0.0251,0.9909
NSC_101143,49,"C~1, C~2, H~1, N~2, O~1",0.0344,0.1115,0.0241,0.9804
NSC_101078,55,"C~1, C~2, H~1, O~2",0.0346,0.2138,0.0181,0.9812
NSC_100710,53,"C~1, C~2, H~1, N~1, O~1",0.0349,0.1037,0.0276,0.9817
NSC_100243,37,"C~1, C~2, H~1",0.0352,0.1149,0.0294,0.9809
NSC_100212,34,"C~1, C~2, H~1, N~1, O~1",0.0354,0.1097,0.0241,0.9809
NSC_100881,29,"C~1, C~2, H~1, N~2, O~1",0.0368,0.0933,0.0294,0.9846
NSC_100926,27,"C~1, H~1, O~1",0.0376,0.0959,0.0291,0.9854
NSC_101175,20,"C~1, C~2, H~1, N~2",0.0381,0.0685,0.0337,0.9786
NSC_100166,26,"C~1, C~2, H~1, N~1, O~2",0.0383,0.0933,0.031,0.9882
NSC_101350,22,"C~1, H~1, N~1, O~1, S~1",0.0383,0.0854,0.0298,0.9813
NSC_100930,21,"C~1, C~2, H~1, N~2, S~1",0.0386,0.0791,0.0316,0.9827
NSC_101004,32,"C~1, C~2, H~1, O~1, S~2",0.0387,0.0991,0.0273,0.9814
NSC_100036,15,"C~1, H~1, O~1",0.039,0.0901,0.0299,0.9842
NSC_101082,30,"C~1, C~2, H~1, N~1, O~1",0.0392,0.0811,0.0312,0.9845
NSC_101547,29,"C~2, H~1, N~2",0.0392,0.0769,0.0338,0.978
NSC_100735,25,"C~1, H~1, O~1",0.0394,0.1128,0.0249,0.9822
NSC_10103,45,"C~1, C~2, H~1, N~1, O~1",0.0394,0.0945,0.032,0.9858
NSC_101290,21,"C~1, C~2, H~1, N~1",0.0394,0.0908,0.035,0.9768
NSC_101651,37,"C~1, C~2, H~1, N~1, N~2, O~1, O~2",0.0396,0.159,0.0288,0.9884
NSC_101568,30,"C~1, C~2, H~1, N~1, O~1, O~2",0.0401,0.1175,0.0287,0.9951
NSC_100617,34,"C~1, C~2, H~1, N~1, N~2, O~1",0.0402,0.1164,0.031,0.9838
NSC_10086,29,"C~1, C~2, H~1, N~1",0.0402,0.1018,0.031,0.9802
NSC_101,21,"C~1, C~2, H~1, N~1, O~2",0.0402,0.1236,0.0318,0.9872
NSC_100594,44,"C~1, C~2, H~1, N~1, O~1",0.0405,0.162,0.0277,0.9827
NSC_100152,19,"C~1, C~2, H~1, N~1, N~2",0.0409,0.0804,0.0358,0.989
NSC_101849,27,"C~1, C~2, H~1, O~1",0.041,0.088,0.0329,0.9851
NSC_101683,41,"C~1, C~2, H~1, N~1, N~2, O~1, O~2",0.0412,0.149,0.0322,0.9875
NSC_100902,22,"C~1, H~1, O~1",0.0414,0.1137,0.0281,0.9799
NSC_101191,25,"C~1, C~2, H~1, N~1, O~2",0.0414,0.1007,0.0306,0.9924
NSC_10127,25,"C~1, C~2, H~1, N~1, O~1, O~2",0.0415,0.0977,0.0321,0.9901
NSC_100883,30,"C~1, C~2, H~1, N~2, O~1",0.0416,0.1045,0.0315,0.984
NSC_101850,27,"C~1, C~2, H~1, O~1",0.0416,0.0977,0.0339,0.9842
NSC_1002,19,"C~1, C~2, H~1, N~1, O~2",0.0418,0.0967,0.0356,0.9929
NSC_100317,27,"C~1, C~2, H~1, O~1",0.0418,0.0733,0.0368,0.9658
NSC_100920,21,"C~1, C~2, H~1, O~1, O~2",0.0418,0.1096,0.0294,0.9836
NSC_101476,24,"C~1, C~2, H~1, N~1, O~1, O~2",0.0419,0.1248,0.0308,0.9892
NSC_101132,27,"C~1, C~2, H~1, N~1, O~1, O~2",0.042,0.1348,0.0302,0.9882
NSC_101684,31,"C~1, C~2, H~1, N~1, N~2, O~1, O~2",0.042,0.1443,0.0333,0.9889
NSC_101079,32,"C~2, H~1, N~1",0.0421,0.0818,0.0361,0.977
NSC_100870,32,"C~1, C~2, H~1, N~1, O~1, O~2",0.0424,0.1185,0.031,0.9917
NSC_100869,34,"C~1, C~2, H~1, N~1, N~2, O~1, O~2",0.0427,0.1553,0.0316,0.9867
NSC_10112,19,"C~1, C~2, H~1, O~1",0.0428,0.1125,0.0351,0.9816
NSC_100965,29,"C~1, C~2, H~1, O~1, O~2",0.0429,0.1495,0.031,0.9851
NSC_101357,30,"C~1, H~1, S~1",0.0431,0.1835,0.0247,0.9737
NSC_101757,19,"C~1, C~2, H~1, O~1",0.0433,0.1002,0.0336,0.9872
NSC_10084,28,"C~1, C~2, H~1, O~2",0.0434,0.1297,0.0311,0.9746
NSC_101479,25,"C~1, C~2, H~1, N~1, O~1, O~2",0.0434,0.1194,0.0311,0.9913
NSC_100897,19,"C~1, C~2, H~1, O~1",0.0436,0.1116,0.0349,0.979
NSC_101847,23,"C~1, C~2, H~1, O~1",0.0436,0.0929,0.0341,0.9811
NSC_10142,26,"C~1, C~2, H~1, N~1, O~1, O~2",0.0437,0.0969,0.0354,0.988
NSC_101687,24,"C~1, C~2, H~1, N~1, N~2, O~1, O~2",0.0437,0.1494,0.0334,0.9896
NSC_101085,29,"C~1, C~2, H~1, N~1",0.0438,0.0951,0.037,0.9765
NSC_100219,35,"C~1, C~2, H~1, O~2",0.044,0.1683,0.0288,0.9768
NSC_100865,59,"C~1, C~2, H~1, N~1, N~2, O~1, O~2",0.044,0.1855,0.0313,0.9799
NSC_101336,29,"C~1, C~2, H~1, N~1, O~1",0.044,0.1048,0.0335,0.984
NSC_100554,18,"C~1, C~2, H~1, N~1, O~2",0.0441,0.1544,0.028,0.9871
NSC_101984,37,"C~1, C~2, H~1, N~1, N~2, O~2",0.0441,0.1292,0.0326,0.9719
NSC_100953,28,"C~1, C~2, H~1, O~1, O~2",0.0442,0.0988,0.0345,0.9829
NSC_101548,35,"C~2, H~1, N~2",0.0442,0.1149,0.0358,0.9698
NSC_10039,49,"C~1, C~2, H~1, O~1, O~2",0.0445,0.1682,0.0279,0.9773
NSC_100744,28,"C~1, H~1, O~1",0.0446,0.1665,0.0251,0.974
NSC_101852,27,"C~1, C~2, H~1, O~1",0.0447,0.0999,0.0361,0.9812
NSC_100905,19,"C~1, C~2, H~1, N~2, S~1",0.0448,0.1126,0.035,0.972
NSC_101352,29,"C~1, C~2, H~1, N~1, N~2, O~2, S~2",0.0451,0.0989,0.0384,0.9906
NSC_100251,53,"C~1, C~2, H~1, N~1, O~1, O~2",0.0452,0.1715,0.0318,0.9806
NSC_10019,45,"C~1, C~2, H~1, N~1, O~1, O~2",0.0454,0.2588,0.0249,0.9833
NSC_100704,40,"C~1, C~2, H~1, O~1",0.0454,0.1629,0.0343,0.9629
NSC_100714,53,"C~1, C~2, H~1, N~1, O~1",0.0455,0.194,0.0349,0.97
NSC_10090,35,"C~1, C~2, H~1, O~1, O~2",0.0457,0.157,0.0345,0.9822
NSC_100724,20,"C~1, C~2, H~1, N~1, O~2, S~2",0.0459,0.1111,0.0376,0.9859
NSC_101266,33,"C~1, C~2, H~1, N~1, O~2",0.0462,0.1654,0.0339,0.987
NSC_101853,27,"C~1, C~2, H~1, O~1",0.0462,0.1085,0.0369,0.9843
NSC_100060,68,"C~1, C~2, H~1, N~1, O~1, O~2, S~1",0.0463,0.1526,0.0301,0.9779
NSC_100901,24,"C~1, C~2, H~1, N~1, N~2, O~2",0.0463,0.131,0.0333,0.9888
NSC_100969,31,"C~1, C~2, H~1, N~1, S~2",0.0463,0.1043,0.0349,0.9774
NSC_100863,46,"C~1, C~2, H~1, N~1, N~2, O~1, O~2",0.0464,0.176,0.034,0.9803
NSC_101543,22,"C~2, H~1, N~2, O~1, S~1",0.0465,0.0917,0.0389,0.9813
NSC_100169,29,"C~1, H~1, N~1, S~1",0.0467,0.1443,0.0326,0.9737
NSC_10110,20,"C~1, H~1, O~1",0.0468,0.112,0.0355,0.9851
NSC_10123,24,"C~1, C~2, H~1, N~1, O~1, O~2",0.0468,0.1087,0.0377,0.9885
NSC_101544,29,"C~2, H~1, N~2",0.0468,0.1134,0.0386,0.9669
NSC_100992,30,"C~1, C~2, H~1, O~1, O~2",0.0469,0.1456,0.0354,0.9792
NSC_101682,35,"C~1, C~2, H~1, N~1, N~2, O~1, O~2",0.0469,0.1485,0.0354,0.9823
NSC_101015,35,"C~1, C~2, H~1, N~1, O~2",0.047,0.1713,0.036,0.9773
NSC_100751,24,"C~1, C~2, H~1, N~1, O~2",0.0471,0.1119,0.0343,0.9803
NSC_101592,51,"C~1, C~2, H~1, O~1",0.0471,0.1758,0.0287,0.971
NSC_100059,75,"C~1, C~2, H~1, N~1, O~1, O~2",0.0472,0.1766,0.0309,0.9831
NSC_100764,33,"C~1, C~2, H~1, N~2",0.0472,0.1288,0.039,0.9752
NSC_101081,54,"C~1, C~2, H~1, O~2",0.0472,0.2072,0.0269,0.9709
NSC_101845,20,"C~1, C~2, H~1, O~1",0.0472,0.099,0.0408,0.983
NSC_100864,55,"C~1, C~2, H~1, N~1, N~2, O~1, O~2",0.0473,0.2061,0.0329,0.9781
NSC_101356,29,"C~1, C~2, H~1, S~1",0.0473,0.1308,0.0297,0.965
NSC_100168,31,"C~1, C~2, H~1, N~1, O~1, O~2",0.0474,0.1109,0.0399,0.9865
NSC_100690,32,"C~1, C~2, H~1, N~1, O~2",0.0474,0.1443,0.0352,0.979
NSC_101848,27,"C~1, C~2, H~1, O~1",0.0474,0.1145,0.0385,0.979
NSC_101985,40,"C~1, C~2, H~1, N~1, N~2, O~2",0.0474,0.1396,0.0347,0.9599
NSC_10070,21,"C~1, H~1, O~1",0.0475,0.1013,0.0408,0.9879
NSC_10052,30,"C~1, C~2, H~1, O~1, O~2",0.0477,0.1348,0.0363,0.9807
NSC_100747,28,"C~1, C~2, H~1, N~1, O~1",0.0477,0.1482,0.0343,0.9676
NSC_10050,29,"C~1, C~2, H~1, O~1, O~2",0.0479,0.1418,0.036,0.9812
NSC_101027,37,"C~1, C~2, H~1, O~1, O~2",0.0479,0.0967,0.0363,0.9795
NSC_100705,43,"C~1, C~2, H~1, N~1, O~1, O~2",0.048,0.1257,0.0368,0.9804
NSC_1008,43,"C~1, C~2, H~1, N~1, N~2, O~1",0.048,0.1317,0.0379,0.9843
NSC_101474,22,"C~1, C~2, H~1, N~1, O~1, O~2",0.048,0.1181,0.0361,0.9908
NSC_101851,27,"C~1, C~2, H~1, O~1",0.048,0.1137,0.0374,0.9795
NSC_100029,24,"C~2, H~1, N~2, O~1, O~2",0.0481,0.0971,0.0397,0.9806
NSC_100694,39,"C~1, C~2, H~1, N~1, O~2, S~2",0.0481,0.2141,0.0319,0.9913
NSC_10096,40,"C~1, C~2, H~1, N~1, O~1, O~2",0.0481,0.1336,0.0359,0.9864
NSC_101152,33,"C~1, C~2, H~1, N~1, N~2",0.0482,0.1624,0.038,0.9804
NSC_101481,29,"C~1, C~2, H~1, N~1, O~1, O~2",0.0482,0.1191,0.0373,0.9887
NSC_100909,22,"C~1, C~2, H~1, O~1, O~2",0.0484,0.1077,0.0402,0.9865
NSC_100032,26,"C~1, C~2, H~1, N~2, O~1, O~2",0.0485,0.1124,0.0391,0.9816
NSC_100977,28,"C~1, C~2, H~1, O~1, O~2",0.0486,0.1236,0.0391,0.9832
NSC_10099,44,"C~1, C~2, H~1, O~1, O~2",0.0486,0.1293,0.0379,0.9796
NSC_100619,24,"C~1, C~2, H~1, N~2, S~1",0.0487,0.1113,0.037,0.9767
NSC_100184,34,"C~1, C~2, H~1, N~1, O~1, O~2",0.0488,0.146,0.0358,0.9822
NSC_100712,51,"C~1, C~2, H~1, N~1, O~1",0.0488,0.2005,0.0368,0.9789
NSC_101475,24,"C~1, C~2, H~1, N~1, O~1, O~2",0.0488,0.1281,0.0353,0.9857
NSC_100224,45,"C~1, C~2, H~1, O~1, O~2, S~1",0.0489,0.1789,0.0302,0.9806
NSC_101330,44,"C~1, C~2, H~1, N~1, O~1, S~1",0.049,0.1617,0.0385,0.9784
NSC_100275,54,"C~1, C~2, H~1, O~2",0.0492,0.1928,0.0358,0.952
NSC_100593,27,"C~1, C~2, H~1, O~1, O~2",0.0494,0.1066,0.0404,0.9878
NSC_102026,18,"C~1, C~2, H~1, N~1, N~2, O~2",0.0494,0.107,0.0388,0.992
NSC_1000,22,"C~1, C~2, H~1, N~1, O~2",0.0498,0.1093,0.0439,0.9902
NSC_101190,48,"C~1, C~2, H~1, N~1, N~2",0.0498,0.1606,0.0365,0.9844
NSC_100911,26,"C~1, C~2, H~1, N~1, O~1, O~2",0.0499,0.2056,0.0308,0.9855
NSC_1014,45,"C~1, C~2, H~1, N~1, N~2, O~1",0.05,0.1305,0.0404,0.9778
NSC_101031,42,"C~1, C~2, H~1, N~2, O~1",0.0501,0.1229,0.0389,0.9663
NSC_101545,29,"C~2, H~1, N~2",0.0502,0.1197,0.0405,0.9634
NSC_100238,44,"C~1, C~2, H~1, N~1, O~1, O~2",0.0503,0.1625,0.0352,0.981
NSC_100682,36,"C~1, C~2, H~1, N~1, O~1, O~2",0.0503,0.1605,0.037,0.981
NSC_100884,29,"C~2, H~1, N~2, O~1, O~2",0.0503,0.1494,0.0382,0.9838
NSC_101193,47,"C~1, C~2, H~1, N~1, O~1, O~2, S~2",0.0503,0.148,0.0357,0.9893
NSC_100201,32,"C~1, C~2, H~1, O~2",0.0504,0.1524,0.0329,0.9745
NSC_100728,22,"C~1, C~2, H~1, O~1",0.0504,0.1229,0.0378,0.9783
NSC_102025,27,"C~1, C~2, H~1, N~1, O~2, S~2",0.0505,0.1191,0.0377,0.987
NSC_10170,39,"C~1, C~2, H~1, O~1, O~2",0.0506,0.1623,0.0397,0.9808
NSC_100988,39,"C~1, C~2, H~1, O~1, O~2",0.0507,0.1911,0.0358,0.9781
NSC_101115,27,"C~1, C~2, H~1, N~1, O~2",0.0507,0.1702,0.0348,0.9843
NSC_100898,20,"C~1, H~1, O~1",0.0508,0.1078,0.0412,0.974
NSC_100912,28,"C~1, C~2, H~1, N~1, O~1, O~2",0.0508,0.1629,0.0388,0.9866
NSC_101137,22,"C~1, C~2, H~1, O~1, O~2",0.0508,0.0931,0.0428,0.985
NSC_100181,30,"C~1, C~2, H~1, O~1, O~2",0.0509,0.157,0.0328,0.9772
NSC_1003,29,"C~1, C~2, H~1, N~1, O~1, O~2",0.0509,0.1172,0.0402,0.9837
NSC_101016,35,"C~1, C~2, H~1, N~1, O~2",0.051,0.165,0.0352,0.9721
NSC_10015,29,"C~1, C~2, H~1, N~1, O~1, O~2",0.0511,0.1696,0.0363,0.975
NSC_10028,33,"C~1, C~2, H~1, N~1, N~2, O~1, O~2",0.0512,0.1784,0.0385,0.984
NSC_101011,35,"C~1, C~2, H~1, O~1, O~2",0.0512,0.11,0.04,0.9817
NSC_101734,37,"C~1, C~2, H~1, N~1, N~2",0.0513,0.1573,0.0367,0.985
NSC_1005,41,"C~1, C~2, H~1, N~2",0.0514,0.1245,0.0395,0.951
NSC_100616,28,"C~2, H~1, N~2, O~1, O~2",0.0515,0.153,0.0372,0.9741
NSC_10027,25,"C~1, C~2, H~1, N~1, S~2",0.0516,0.1246,0.0382,0.9751
NSC_100722,17,"C~1, C~2, H~1, N~1, O~1, O~2",0.0516,0.1227,0.0372,0.9875
NSC_101348,52,"C~1, C~2, H~1, O~1, O~2, S~2",0.0516,0.1245,0.042,0.9875
NSC_101546,29,"C~2, H~1, N~2",0.0516,0.1225,0.0406,0.959
NSC_101003,32,"C~2, H~1, N~1, O~2",0.0518,0.1766,0.0363,0.9752
NSC_100689,32,"C~1, C~2, H~1, N~1, N~2, O~2",0.0519,0.1307,0.0402,0.9782
NSC_101254,28,"C~1, C~2, H~1, N~1, N~2",0.0519,0.1405,0.0386,0.9816
NSC_101589,27,"C~1, C~2, H~1, N~1, N~2, O~1, O~2",0.0519,0.1298,0.0449,0.9895
NSC_100247,37,"C~1, C~2, H~1, O~2",0.0521,0.21,0.0375,0.962
NSC_100206,35,"C~1, C~2, H~1, O~1, O~2",0.0523,0.2237,0.0348,0.9803
NSC_101986,31,"C~1, C~2, H~1, N~1, O~2",0.0523,0.1694,0.0392,0.9814
NSC_10043,43,"C~1, C~2, H~1, O~1",0.0524,0.1454,0.0372,0.971
NSC_10054,58,"C~1, C~2, H~1, O~1, O~2",0.0524,0.1517,0.0423,0.982
NSC_100696,40,"C~1, C~2, H~1, N~1, O~2",0.0525,0.2129,0.0375,0.9722
NSC_100734,25,"C~1, C~2, H~1, O~2",0.0526,0.2084,0.0311,0.9685
NSC_101012,34,"C~1, C~2, H~1, O~2, S~1",0.0526,0.1671,0.0411,0.9613
NSC_102006,82,"C~1, C~2, H~1, O~1, O~2",0.0527,0.2331,0.0354,0.9622
NSC_100297,48,"C~1, C~2, H~1, N~1",0.0529,0.213,0.0388,0.9606
NSC_101983,34,"C~1, C~2, H~1, N~1, N~2, O~2",0.0529,0.1363,0.0381,0.9532
NSC_100062,59,"C~1, C~2, H~1, N~2, O~1, O~2",0.053,0.1718,0.0345,0.9707
NSC_10118,18,"C~2, H~1, N~1, O~2",0.053,0.1055,0.0412,0.9735
NSC_101685,40,"C~1, C~2, H~1, N~1, N~2, O~1, O~2",0.053,0.2112,0.0393,0.9814
NSC_100109,29,"C~1, C~2, H~1, N~1, N~2, O~2",0.0532,0.1242,0.0401,0.9857
NSC_100058,42,"C~1, C~2, H~1, N~1, O~1",0.0533,0.213,0.0363,0.9681
NSC_100277,90,"C~1, C~2, H~1, O~2",0.0533,0.2113,0.0398,0.9601
NSC_100739,20,"C~1, C~2, H~1, N~1, O~1",0.0533,0.1432,0.0391,0.9777
NSC_100958,34,"C~1, H~1, O~1",0.0533,0.1965,0.0379,0.9731
NSC_101088,72,"C~1, C~2, H~1, O~1, O~2",0.0533,0.1822,0.0374,0.9725
NSC_10149,31,"C~1, C~2, H~1, O~1, O~2",0.0534,0.1296,0.0429,0.9834
NSC_101510,25,"C~2, H~1, N~2, O~1, O~2",0.0534,0.1266,0.0396,0.9836
NSC_100935,23,"C~1, C~2, H~1, N~1, O~2",0.0535,0.1221,0.0426,0.9791
NSC_101540,30,"C~2, H~1, N~1, N~2, O~1, O~2",0.0536,0.1543,0.0383,0.9742
NSC_100727,17,"C~1, C~2, H~1, O~1, S~1",0.0537,0.1414,0.0352,0.961
NSC_10184,36,"C~1, C~2, H~1, N~1, O~1, O~2",0.0537,0.1863,0.0423,0.9878
NSC_100671,25,"C~1, C~2, H~1, N~1, O~2",0.0538,0.1997,0.0388,0.9804
NSC_100709,50,"C~1, C~2, H~1, N~1, O~1",0.0538,0.2436,0.0375,0.959
NSC_100227,32,"C~1, C~2, H~1, N~1, O~2",0.0539,0.2245,0.0397,0.9805
NSC_101615,22,"C~1, C~2, H~1, N~2, O~2",0.0541,0.1071,0.0467,0.9789
NSC_10189,39,"C~1, C~2, H~1, O~1, O~2",0.0541,0.1348,0.0408,0.9825
NSC_100706,44,"C~1, C~2, H~1, N~1, O~1",0.0542,0.2158,0.0397,0.9667
NSC_101165,46,"C~1, C~2, H~1, N~1, N~2, O~1, O~2",0.0542,0.1373,0.0422,0.991
NSC_100296,45,"C~1, C~2, H~1, N~1",0.0544,0.2136,0.0407,0.9626
NSC_101467,22,"C~1, C~2, H~1, N~1, O~2, S~1",0.0544,0.1562,0.0403,0.9833
NSC_100614,68,"C~1, C~2, H~1, N~2, O~1",0.0545,0.2167,0.0407,0.9775
NSC_101164,40,"C~1, C~2, H~1, N~1, N~2, O~1",0.0547,0.1567,0.044,0.9874
NSC_10042,34,"C~1, C~2, H~1, N~1, O~2",0.0549,0.1619,0.0411,0.9716
NSC_101192,19,"C~2, H~1, N~2, O~2",0.055,0.1114,0.0446,0.9517
NSC_101561,26,"C~2, H~1, N~1, N~2",0.055,0.1501,0.0415,0.9876
NSC_100683,36,"C~1, C~2, H~1, N~1, O~1, O~2",0.0551,0.167,0.0402,0.9757
NSC_101041,52,"C~1, C~2, H~1, N~1, O~2",0.0553,0.2209,0.0341,0.9806
NSC_101994,26,"C~1, C~2, H~1, N~1, O~2, S~2",0.0553,0.115,0.0453,0.9867
NSC_10072,18,"C~1, C~2, H~1, O~1, O~2",0.0554,0.1225,0.0418,0.9863
NSC_101133,26,"C~1, C~2, H~1, N~1, O~1, O~2",0.0556,0.1366,0.0439,0.9849
NSC_101497,29,"C~1, C~2, H~1, N~1, N~2, S~1",0.0556,0.1103,0.0447,0.9765
NSC_100946,30,"C~1, C~2, H~1, O~1, O~2",0.0557,0.2055,0.0363,0.9624
NSC_101652,33,"C~1, C~2, H~1, N~1, N~2, O~1, O~2",0.0557,0.2175,0.0393,0.9801
NSC_100741,28,"C~1, C~2, H~1, N~1, N~2, O~1, O~2",0.0559,0.1424,0.0441,0.9758
NSC_10078,29,"C~1, C~2, H~1, N~1, O~2",0.0559,0.2028,0.0416,0.984
NSC_101854,11,"C~1, H~1, O~1, S~1",0.0559,0.0951,0.0431,0.9815
NSC_100054,44,"C~1, C~2, H~1, N~1, O~1, O~2, S~1, S~2",0.056,0.1331,0.0411,0.992
NSC_100254,41,"C~1, C~2, H~1, N~1, O~2",0.0561,0.1723,0.038,0.9405
NSC_100796,31,"C~1, C~2, H~1, O~1, O~2",0.0561,0.1306,0.045,0.9784
NSC_10021,53,"C~1, C~2, H~1, N~1, N~2, O~1, O~2",0.0562,0.1595,0.0431,0.9772
NSC_10005,21,"C~2, H~1, N~1, N~2, O~2",0.0563,0.1481,0.0417,0.9884
NSC_100441,34,"C~1, C~2, H~1, N~1, N~2, O~1, O~2, S~1",0.0563,0.1215,0.0415,0.9863
NSC_100991,29,"C~1, C~2, H~1, N~2, O~2",0.0563,0.2145,0.0395,0.9614
NSC_101034,35,"C~1, C~2, H~1, N~2, O~2",0.0563,0.2157,0.0414,0.9621
NSC_100429,33,"C~1, C~2, H~1, N~1, N~2, O~1, O~2",0.0565,0.1212,0.0444,0.9862
NSC_10095,36,"C~1, C~2, H~1, O~1, O~2",0.0566,0.1942,0.0401,0.9716
NSC_1011,46,"C~1, C~2, H~1, N~1, N~2, O~1, O~2",0.0567,0.1599,0.0441,0.9831
NSC_100270,50,"C~1, C~2, H~1, O~2",0.0568,0.2406,0.0406,0.9498
NSC_10040,28,"C~1, C~2, H~1, N~1, O~2",0.0568,0.1625,0.0423,0.9734
NSC_100596,36,"C~1, C~2, H~1, N~1, N~2",0.0568,0.235,0.0368,0.9703
NSC_10150,34,"C~1, C~2, H~1, N~2, O~1, O~2",0.0568,0.1242,0.0458,0.9768
NSC_10171,29,"C~1, C~2, H~1, N~2, O~1, O~2",0.0568,0.1347,0.0463,0.9723
NSC_10188,38,"C~1, C~2, H~1, N~1, O~1, O~2",0.0568,0.1715,0.0439,0.9834
NSC_101846,20,"C~1, C~2, H~1, O~1",0.0569,0.0992,0.0472,0.973
NSC_100417,12,"C~2, H~1, N~1, O~1, O~2",0.057,0.1148,0.0471,0.9924
NSC_100716,53,"C~1, C~2, H~1, N~1, O~1",0.057,0.2357,0.0444,0.9517
NSC_100959,23,"C~2, H~1, O~1, O~2",0.057,0.1037,0.0464,0.9693
NSC_10136,27,"C~1, C~2, H~1, N~2, O~1, O~2",0.057,0.1174,0.0481,0.9827
NSC_100756,38,"C~1, C~2, H~1, N~1, O~1, O~2",0.0573,0.2271,0.0382,0.974
NSC_10011,24,"C~1, C~2, H~1, N~2, O~1, O~2",0.0574,0.2053,0.042,0.9718
NSC_10093,36,"C~1, C~2, H~1, O~1, O~2",0.0574,0.1631,0.0445,0.9794
NSC_10053,41,"C~1, C~2, H~1, N~1, N~2, O~1, O~2",0.0575,0.1495,0.0402,0.9791
NSC_101473,22,"C~1, C~2, H~1, N~1, O~1, O~2",0.0575,0.125,0.0459,0.9872
NSC_101614,20,"C~1, C~2, H~1, N~2, O~2",0.0575,0.1397,0.0469,0.9733
NSC_101323,21,"C~1, C~2, H~1, N~1, N~2, O~1, O~2",0.0577,0.1216,0.0495,0.9868
NSC_100147,17,"C~1, C~2, H~1, O~2, S~1",0.0578,0.1371,0.0374,0.9726
NSC_100208,26,"C~2, H~1, N~2, O~1, O~2",0.0579,0.1698,0.0441,0.969
NSC_101244,67,"C~1, C~2, H~1, O~1, O~2",0.0579,0.2837,0.0373,0.9633
NSC_100929,24,"C~1, C~2, H~1, O~1, O~2",0.058,0.1207,0.0505,0.9859
NSC_101541,28,"C~2, H~1, N~2, O~1, O~2",0.058,0.1239,0.0444,0.9654
NSC_101993,23,"C~1, C~2, H~1, N~1, O~2, S~2",0.058,0.1125,0.0487,0.9867
NSC_100922,22,"C~1, C~2, H~1, O~1, O~2",0.0581,0.1994,0.0388,0.9748
NSC_100176,23,"C~1, C~2, H~1, O~2",0.0582,0.2187,0.0402,0.9593
NSC_101159,45,"C~1, C~2, H~1, N~1, N~2, O~1, S~1",0.0582,0.1349,0.0472,0.9786
NSC_100669,22,"C~1, C~2, H~1, O~1, O~2",0.0583,0.1528,0.0428,0.9687
NSC_100765,36,"C~1, C~2, H~1, O~1, O~2",0.0583,0.1799,0.0447,0.9741
NSC_101656,17,"C~2, H~1, N~1, N~2, O~1",0.0583,0.1467,0.0495,0.982
NSC_100951,27,"C~1, C~2, H~1, O~1, O~2",0.0584,0.112,0.0478,0.9797
NSC_1010,45,"C~1, C~2, H~1, N~1, N~2, O~1, O~2",0.0585,0.1719,0.0445,0.9731
NSC_100202,33,"C~1, C~2, H~1, N~1, O~2",0.0586,0.2174,0.0404,0.9648
NSC_100738,21,"C~1, C~2, H~1, O~1, O~2",0.0586,0.1197,0.0487,0.9801
NSC_10014,20,"C~1, H~1, N~1, O~1, O~2, S~2",0.0587,0.1439,0.0426,0.99
NSC_10195,48,"C~1, C~2, H~1, O~1, O~2",0.0587,0.2243,0.0428,0.9756
NSC_100049,66,"C~1, C~2, H~1, N~1, N~2, O~1, O~2",0.0589,0.1443,0.0487,0.9838
NSC_100146,13,"C~1, C~2, H~1, N~2, O~1",0.0589,0.1903,0.0379,0.9674
NSC_1018,42,"C~1, C~2, H~1, N~1, N~2, O~1, O~2",0.0589,0.1464,0.0479,0.9664
NSC_100137,30,"C~1, C~2, H~1, N~1, N~2, O~2",0.059,0.1351,0.0474,0.9775
NSC_100752,32,"C~1, C~2, H~1, N~1, O~1",0.0593,0.1513,0.0437,0.9603
NSC_101028,38,"C~1, C~2, H~1, O~1, O~2",0.0593,0.1716,0.0464,0.9763
NSC_10116,22,"C~1, C~2, H~1, N~2, O~1, O~2",0.0593,0.1507,0.047,0.9703
NSC_101359,31,"C~1, C~2, H~1, N~2, O~1, O~2, S~1",0.0593,0.1819,0.0423,0.9497
NSC_100954,28,"C~1, C~2, H~1, O~1, O~2",0.0594,0.1528,0.0453,0.9747
NSC_101736,22,"C~1, C~2, H~1, N~1, N~2",0.0594,0.1671,0.0413,0.9857
NSC_100927,31,"C~1, C~2, H~1, N~1, O~1, O~2",0.0595,0.2308,0.0421,0.975
NSC_101086,32,"C~2, H~1, N~1, N~2, O~1, O~2",0.0596,0.1122,0.0435,0.981
NSC_100143,18,"C~1, C~2, H~1, N~1, N~2, S~1",0.0598,0.1366,0.0407,0.9694
NSC_100624,26,"C~1, H~1, O~1",0.0598,0.1261,0.0528,0.9847
NSC_1009,41,"C~1, C~2, H~1, N~1, O~1, O~2",0.0598,0.1618,0.0457,0.9766
NSC_101316,64,"C~1, C~2, H~1, N~1, N~2, O~1, O~2",0.0598,0.1977,0.0454,0.9713
NSC_101549,30,"C~2, H~1, N~2, O~1, O~2",0.0599,0.1692,0.0442,0.9386
NSC_101583,29,"C~1, C~2, H~1, N~1, O~1, O~2",0.0599,0.2029,0.0435,0.9803
NSC_10198,52,"C~1, C~2, H~1, O~1, O~2",0.06,0.1746,0.0459,0.9767
NSC_102020,21,"C~1, C~2, H~1, N~1, N~2, O~1, O~2",0.06,0.1179,0.0493,0.9863
NSC_100921,22,"C~1, C~2, H~1, O~1, O~2, S~1",0.0602,0.1287,0.0464,0.9737
NSC_101603,24,"C~1, C~2, H~1, N~2, O~1, O~2",0.0602,0.2017,0.0458,0.9741
NSC_100178,28,"C~1, C~2, H~1, N~1, O~2",0.0603,0.2045,0.0424,0.9799
NSC_101355,22,"C~1, H~1, O~1, O~2, S~2",0.0605,0.2178,0.0384,0.985
NSC_1015,52,"C~1, C~2, H~1, N~1, N~2, O~1, O~2",0.0605,0.241,0.0437,0.9807
NSC_101627,33,"C~1, C~2, H~1, N~1, N~2, O~1, S~1",0.0605,0.1278,0.0502,0.9796
NSC_101653,30,"C~1, C~2, H~1, N~1, N~2, O~1, O~2",0.0605,0.2088,0.0445,0.9757
NSC_100412,32,"C~1, C~2, H~1, O~1, O~2",0.0607,0.1986,0.043,0.9629
NSC_100670,25,"C~1, C~2, H~1, N~1, O~2",0.0607,0.2203,0.0432,0.9762
NSC_100790,57,"C~1, C~2, H~1, N~1, N~2, O~1, O~2, S~2",0.0607,0.1891,0.0445,0.9873
NSC_101134,26,"C~1, C~2, H~1, N~1, O~1, O~2",0.0607,0.1441,0.046,0.9816
NSC_100792,28,"C~1, C~2, H~1, N~1, N~2, O~1, O~2",0.0608,0.1401,0.0507,0.9841
NSC_100046,46,"C~1, C~2, H~1, O~1, O~2",0.061,0.1872,0.0477,0.976
NSC_1012,46,"C~1, C~2, H~1, N~1, N~2, O~1, O~2",0.061,0.1921,0.0451,0.9834
NSC_101762,110,"C~1, C~2, H~1, N~1, O~1, O~2, S~2",0.061,0.2242,0.0452,0.976
NSC_10022,40,"C~1, C~2, H~1, N~1, O~1, O~2",0.0611,0.2278,0.0394,0.9809
NSC_100259,41,"C~1, C~2, H~1, O~1, O~2",0.0611,0.2473,0.0413,0.9656
NSC_100279,39,"C~1, C~2, H~1, N~1, N~2, O~1",0.0611,0.1678,0.0515,0.9791
NSC_100154,21,"C~1, C~2, H~1, N~1, O~2",0.0612,0.1458,0.0462,0.9804
NSC_10182,32,"C~1, C~2, H~1, N~1, N~2, O~2",0.0612,0.1988,0.0453,0.9808
NSC_101761,100,"C~1, C~2, H~1, N~1, O~1, O~2, S~2",0.0613,0.2471,0.0439,0.9759
NSC_101794,42,"C~1, C~2, H~1, N~1, N~2, O~2",0.0613,0.2415,0.0395,0.9843
NSC_100976,25,"C~2, H~1, O~2, S~1",0.0614,0.1827,0.0458,0.9362
NSC_100915,26,"C~1, H~1, O~1",0.0616,0.1968,0.0453,0.9653
NSC_101857,10,"C~1, C~2, H~1, O~2, S~2",0.0616,0.1097,0.0482,0.9919
NSC_100787,90,"C~1, C~2, H~1, N~1, N~2, O~1, O~2, S~2",0.0617,0.205,0.0473,0.9841
NSC_101581,38,"C~1, C~2, H~1, N~1, N~2, O~1, O~2, S~2",0.0617,0.1798,0.0461,0.9816
NSC_100375,42,"C~1, C~2, H~1, N~1, N~2, O~1, O~2",0.0619,0.1726,0.0474,0.971
NSC_10048,24,"C~1, C~2, H~1, N~1, N~2, O~1, O~2",0.0619,0.0961,0.053,0.9825
NSC_10114,24,"C~1, C~2, H~1, N~2, O~1, O~2",0.0619,0.0937,0.0554,0.9722
NSC_101605,18,"C~1, C~2, H~1, N~2, O~1, O~2",0.062,0.1351,0.0518,0.9758
NSC_101576,49,"C~1, C~2, H~1, N~1, O~1, O~2, S~2",0.0621,0.2254,0.0465,0.9807
NSC_100729,18,"C~2, H~1, N~2, O~1",0.0622,0.1204,0.05,0.9709
NSC_101488,36,"C~1, C~2, H~1, N~1, N~2, O~2",0.0622,0.1791,0.0443,0.9689
NSC_101580,22,"C~1, C~2, H~1, N~1, N~2, O~1, O~2",0.0622,0.1754,0.0505,0.9716
NSC_101622,30,"C~1, C~2, H~1, N~1, N~2",0.0622,0.1487,0.0491,0.9778
NSC_1004,25,"C~1, C~2, H~1, N~1, O~1, O~2",0.0625,0.1494,0.0497,0.979
NSC_101769,24,"C~1, C~2, H~1, N~1, N~2, O~1, O~2, S~1",0.0625,0.1392,0.0511,0.9858
NSC_101805,40,"C~1, C~2, H~1, N~1, N~2, O~2",0.0625,0.2392,0.0399,0.9858
NSC_1007,32,"C~1, C~2, H~1, O~1, O~2",0.063,0.1716,0.0447,0.9727
NSC_101166,40,"C~1, C~2, H~1, N~1, N~2, O~1",0.063,0.1646,0.0497,0.9865
NSC_101495,30,"C~1, C~2, H~1, N~1, N~2, S~1",0.063,0.1368,0.0489,0.9778
NSC_101619,33,"C~1, C~2, H~1, N~1, N~2, O~1",0.063,0.1646,0.053,0.9796
NSC_100135,40,"C~1, C~2, H~1, N~1, N~2, O~1, O~2",0.0631,0.1212,0.0511,0.9784
NSC_101062,54,"C~1, C~2, H~1, N~1, O~2, S~2",0.0631,0.2127,0.0464,0.9882
NSC_101167,33,"C~1, C~2, H~1, N~1, N~2, O~1",0.0631,0.1668,0.0478,0.9863
NSC_101672,44,"C~1, C~2, H~1, N~1, N~2, O~1, O~2, S~2",0.0631,0.1449,0.0451,0.9884
NSC_100044,35,"C~1, C~2, H~1, N~1, N~2, O~1",0.0633,0.1233,0.0539,0.9829
NSC_10012,26,"C~1, C~2, H~1, N~1, N~2, O~2",0.0633,0.182,0.0483,0.9763
NSC_100750,25,"C~2, H~1, N~1, N~2, O~1, O~2",0.0634,0.1422,0.0498,0.971
NSC_100784,31,"C~1, C~2, H~1, N~1, N~2, O~1, O~2",0.0634,0.13,0.0546,0.9841
NSC_10119,19,"C~1, C~2, H~1, N~2, O~1, O~2",0.0634,0.1178,0.0555,0.9801
NSC_100777,45,"C~1, C~2, H~1, N~2, O~1, O~2",0.0635,0.2147,0.047,0.9532
NSC_101498,30,"C~1, C~2, H~1, N~1, N~2",0.0635,0.1845,0.0451,0.9736
NSC_101153,32,"C~1, C~2, H~1, N~1, N~2, O~1",0.0636,0.1575,0.05,0.9821
NSC_100310,38,"C~1, C~2, H~1, O~1, O~2",0.0639,0.2572,0.037,0.9498
NSC_100618,21,"C~1, C~2, H~1, N~1, O~2",0.0639,0.1498,0.0451,0.9889
NSC_101978,52,"C~1, C~2, H~1, O~1, O~2",0.0639,0.1942,0.0504,0.9734
NSC_10139,26,"C~1, C~2, H~1, O~1, O~2",0.064,0.1958,0.0507,0.9709
NSC_101160,35,"C~1, C~2, H~1, N~1, N~2, O~1",0.0641,0.1771,0.0537,0.9795
NSC_101468,24,"C~1, C~2, H~1, N~1, O~1, O~2",0.0641,0.1386,0.0496,0.9783
NSC_100239,31,"C~2, H~1, O~1, O~2",0.0643,0.2223,0.0456,0.9464
NSC_100849,44,"C~1, C~2, H~1, N~1, N~2, O~1, O~2",0.0643,0.1724,0.0511,0.9812
NSC_101674,49,"C~1, C~2, H~1, N~1, O~1, O~2, S~2",0.0644,0.2295,0.0442,0.9853
NSC_10183,33,"C~2, H~1, N~1, O~1, O~2",0.0644,0.1597,0.0521,0.9759
NSC_102019,23,"C~2, H~1, N~1, O~2, S~2",0.0644,0.1524,0.0553,0.9857
NSC_100793,31,"C~1, C~2, H~1, N~1, N~2, O~1",0.0647,0.1625,0.0519,0.9813
NSC_101888,45,"C~1, C~2, H~1, O~1, O~2, S~2",0.0647,0.2858,0.0443,0.9859
NSC_10177,37,"C~1, C~2, H~1, O~1, O~2",0.0648,0.2209,0.0478,0.9697
NSC_101992,20,"C~1, C~2, H~1, N~1, O~2, S~2",0.0648,0.1314,0.0533,0.9853
NSC_100133,33,"C~1, C~2, H~1, N~1, N~2, S~2",0.0649,0.2215,0.0455,0.9633
NSC_101611,53,"C~1, C~2, H~1, N~1, N~2, O~2, S~1",0.0649,0.2836,0.0383,0.9578
NSC_101170,13,"C~2, H~1, N~1, N~2, O~2",0.0652,0.1223,0.0524,0.9857
NSC_100715,53,"C~1, C~2, H~1, N~1, O~1",0.0653,0.3057,0.0419,0.9405
NSC_10083,29,"C~1, C~2, H~1, O~1, O~2",0.0653,0.2078,0.0472,0.967
NSC_101200,30,"C~1, C~2, H~1, N~1, N~2, O~1, O~2, S~1",0.0655,0.1613,0.0532,0.9747
NSC_101584,53,"C~1, C~2, H~1, O~1, S~1",0.0655,0.2668,0.0466,0.9451
NSC_101842,27,"C~2, H~1, N~1, N~2, O~1, O~2",0.0658,0.1719,0.0516,0.9661
NSC_101620,22,"C~1, C~2, H~1, N~1, N~2, O~1",0.0659,0.1427,0.054,0.9772
NSC_101855,13,"C~1, H~1, O~1, O~2, S~2",0.0659,0.1645,0.045,0.994
NSC_101636,17,"C~2, H~1, N~1, N~2, O~1",0.066,0.1525,0.0528,0.9751
NSC_101163,36,"C~1, C~2, H~1, N~1, N~2, O~1",0.0661,0.1626,0.0518,0.9844
NSC_101171,32,"C~1, C~2, H~1, N~1, N~2, O~1",0.0662,0.1683,0.0528,0.983
NSC_101500,32,"C~1, C~2, H~1, N~1, N~2, O~2",0.0662,0.1602,0.0536,0.9727
NSC_100939,25,"C~1, C~2, H~1, O~1, O~2, S~1",0.0663,0.2066,0.048,0.9713
NSC_100961,26,"C~1, C~2, H~1, N~1, O~2",0.0663,0.1588,0.0499,0.9721
NSC_100000,29,"C~1, C~2, H~1, N~1, O~2",0.0664,0.1685,0.051,0.9713
NSC_100821,26,"C~2, H~1, N~1, N~2, O~1, O~2",0.0664,0.1555,0.05,0.975
NSC_10133,25,"C~1, C~2, H~1, N~1, O~1, O~2",0.0664,0.1522,0.0533,0.9789
NSC_101655,14,"C~2, H~1, N~1, N~2, O~2",0.0666,0.121,0.0543,0.9844
NSC_100416,18,"C~1, C~2, H~1, N~1, O~1, O~2",0.0668,0.1619,0.0488,0.9852
NSC_100542,24,"C~1, C~2, H~1, O~1, O~2",0.0669,0.2088,0.0517,0.9713
NSC_10061,23,"C~1, C~2, H~1, N~2, O~1, O~2",0.067,0.1784,0.0517,0.9608
NSC_100950,26,"C~1, C~2, H~1, O~1, O~2, S~1",0.067,0.2034,0.0466,0.9709
NSC_101816,40,"C~1, C~2, H~1, N~1, N~2, O~2",0.067,0.2519,0.0426,0.9832
NSC_100415,21,"C~2, H~1, N~1, N~2, O~1, O~2",0.0671,0.1759,0.0485,0.9797
NSC_101023,36,"C~1, C~2, H~1, N~1, O~2, S~1",0.0673,0.2186,0.0472,0.9772
NSC_101799,37,"C~1, C~2, H~1, N~1, N~2, O~2",0.0675,0.2388,0.0455,0.9833
NSC_101111,30,"C~1, C~2, H~1, N~1, O~2",0.0677,0.2835,0.0356,0.9576
NSC_100347,22,"C~1, C~2, H~1, N~1, N~2, O~1, O~2, S~2",0.0678,0.1504,0.0531,0.9841
NSC_10076,25,"C~1, C~2, H~1, N~1, O~1, O~2",0.0679,0.2533,0.0454,0.9704
NSC_101750,32,"C~1, C~2, H~1, N~1, O~1, O~2, S~1",0.0679,0.1683,0.0537,0.9662
NSC_10047,20,"C~1, C~2, H~1, N~2, O~1, O~2",0.068,0.1395,0.0582,0.9733
NSC_10075,24,"C~1, C~2, H~1, O~1, O~2",0.068,0.1652,0.051,0.9705
NSC_10134,25,"C~1, C~2, H~1, O~1, O~2",0.068,0.1552,0.052,0.9753
NSC_101763,46,"C~1, C~2, H~1, N~1, N~2, O~1, O~2, S~2",0.068,0.3185,0.0453,0.9773
NSC_101807,38,"C~1, C~2, H~1, N~1, N~2, O~2",0.0682,0.2407,0.0474,0.9855
NSC_10065,35,"C~1, C~2, H~1, N~1, N~2, O~1, O~2",0.0683,0.202,0.0494,0.976
NSC_100936,29,"C~1, C~2, H~1, N~2, O~1, O~2",0.0683,0.1395,0.0606,0.9725
NSC_101883,13,"C~1, C~2, H~1, O~2, S~2",0.0685,0.1718,0.0458,0.9939
NSC_101154,43,"C~1, C~2, H~1, N~1, N~2, O~1",0.0687,0.232,0.0486,0.9736
NSC_101806,34,"C~1, C~2, H~1, N~1, N~2, O~2",0.0691,0.2371,0.0486,0.9867
NSC_101158,51,"C~1, C~2, H~1, N~1, N~2, O~1, O~2, S~1, S~2",0.0692,0.2115,0.0516,0.9795
NSC_100732,23,"C~1, C~2, H~1, N~2, O~1, O~2, S~1",0.0693,0.1373,0.0585,0.9801
NSC_10023,52,"C~1, C~2, H~1, O~1, O~2",0.0699,0.2122,0.0455,0.9577
NSC_100,32,"C~1, C~2, H~1, O~1, O~2",0.0699,0.2296,0.0511,0.9498
NSC_101499,15,"C~2, H~1, N~1, N~2",0.07,0.1497,0.054,0.9788
NSC_101812,36,"C~1, C~2, H~1, N~1, N~2, O~2",0.07,0.2505,0.0468,0.9848
NSC_101798,31,"C~1, C~2, H~1, N~1, N~2, O~2",0.0701,0.2315,0.0505,0.9879
NSC_100975,30,"C~2, H~1, N~2, O~1, O~2, S~2",0.0702,0.1789,0.0565,0.9657
NSC_101571,40,"C~1, C~2, H~1, N~1, O~1, O~2",0.0708,0.1817,0.0524,0.9846
NSC_100918,22,"C~1, C~2, H~1, N~2, O~1, O~2, S~1",0.0709,0.1746,0.0532,0.9391
NSC_100908,20,"C~1, C~2, H~1, O~1, O~2",0.0711,0.188,0.045,0.9602
NSC_101813,33,"C~1, C~2, H~1, N~1, N~2, O~2",0.0711,0.2464,0.0474,0.9837
NSC_101155,43,"C~1, C~2, H~1, N~1, N~2, O~1",0.0712,0.2368,0.0509,0.9722
NSC_101754,44,"C~1, C~2, H~1, N~1, O~1, O~2",0.0714,0.1656,0.0592,0.9643
NSC_101673,42,"C~1, C~2, H~1, N~1, N~2, O~1, O~2, S~2",0.0716,0.1813,0.0507,0.9858
NSC_100192,29,"C~1, C~2, H~1, N~1, O~2",0.0718,0.2089,0.0458,0.9832
NSC_10120,21,"C~1, C~2, H~1, N~2, O~1, O~2",0.0718,0.2036,0.0543,0.9565
NSC_101662,32,"C~1, C~2, H~1, N~2, O~1, O~2",0.0719,0.202,0.0491,0.9334
NSC_101742,19,"C~1, C~2, H~1, N~1, N~2, O~1, O~2",0.072,0.1764,0.0572,0.9837
NSC_101650,27,"C~2, H~1, N~1, N~2, O~2",0.0721,0.2202,0.0486,0.9822
NSC_101886,57,"C~1, C~2, H~1, O~1, O~2, S~2",0.0721,0.4361,0.0407,0.9688
NSC_100053,41,"C~1, C~2, H~1, N~1, N~2, O~1, O~2, S~1",0.0722,0.16,0.0597,0.9629
NSC_100035,30,"C~1, C~2, H~1, N~1, N~2, O~1, S~1",0.0727,0.2264,0.0539,0.9783
NSC_101809,33,"C~1, C~2, H~1, N~1, N~2, O~2",0.0727,0.2486,0.0498,0.9841
NSC_10143,28,"C~1, C~2, H~1, O~1, O~2",0.0728,0.1851,0.0558,0.9713
NSC_10008,18,"C~1, C~2, H~1, N~1, N~2, O~2",0.073,0.1808,0.0574,0.9811
NSC_100786,72,"C~1, C~2, H~1, N~1, O~1, O~2",0.0731,0.241,0.0532,0.9673
NSC_101844,20,"C~1, C~2, H~1, N~2, O~1, O~2, S~1",0.0732,0.1494,0.0591,0.9702
NSC_10006,15,"C~2, H~1, N~1, N~2, O~2",0.0733,0.1552,0.0548,0.9829
NSC_100309,41,"C~1, C~2, H~1, O~1, O~2",0.0735,0.2507,0.0453,0.9475
NSC_100774,42,"C~1, C~2, H~1, N~1, N~2, O~1, O~2, S~2",0.0738,0.1848,0.051,0.9854
NSC_101797,28,"C~1, C~2, H~1, N~1, N~2, O~2",0.0739,0.2271,0.0543,0.9873
NSC_10059,23,"C~1, C~2, H~1, N~2, O~1, O~2",0.0742,0.1277,0.0628,0.9608
NSC_101801,33,"C~1, C~2, H~1, N~1, N~2, O~2",0.0742,0.2365,0.0524,0.9799
NSC_100013,26,"C~2, H~1, N~1, O~2",0.0743,0.1606,0.059,0.9636
NSC_101804,33,"C~1, C~2, H~1, N~1, N~2, O~1, O~2",0.0752,0.1912,0.0601,0.9806
NSC_101174,39,"C~1, C~2, H~1, N~1, O~1, O~2",0.0753,0.2263,0.0529,0.9706
NSC_100778,19,"C~2, H~1, N~1, N~2, O~2",0.0757,0.1859,0.0529,0.9777
NSC_101745,19,"C~1, C~2, H~1, N~1, N~2, O~1, O~2",0.0757,0.1479,0.0622,0.9794
NSC_100414,35,"C~1, C~2, H~1, O~1, O~2",0.0759,0.2421,0.0564,0.9567
NSC_1006,29,"C~1, C~2, H~1, N~1, O~2",0.0762,0.2125,0.0606,0.9708
NSC_101819,31,"C~1, C~2, H~1, N~1, N~2, O~2",0.0762,0.238,0.0548,0.984
NSC_100407,36,"C~1, C~2, H~1, O~1, O~2",0.0764,0.2331,0.0589,0.9642
NSC_10132,23,"C~1, C~2, H~1, N~2, O~1, O~2",0.0764,0.2001,0.0557,0.9593
NSC_100989,31,"C~1, C~2, H~1, N~1, N~2, O~1, O~2",0.0765,0.2138,0.0564,0.9576
NSC_101048,41,"C~1, C~2, H~1, S~1",0.0765,0.3801,0.049,0.923
NSC_100063,59,"C~1, C~2, H~1, N~2, O~1, O~2",0.0767,0.4828,0.0376,0.9304
NSC_10098,33,"C~1, C~2, H~1, N~2, O~1, O~2",0.0768,0.1994,0.0547,0.9463
NSC_101647,28,"C~1, C~2, H~1, N~2, O~1, O~2",0.0768,0.1737,0.0625,0.9534
NSC_100235,35,"C~1, C~2, H~1, N~2, O~1, O~2",0.0769,0.1641,0.0598,0.9379
NSC_102018,25,"C~2, H~1, N~1, N~2, O~1, O~2, S~2",0.0778,0.1421,0.0613,0.974
NSC_100278,32,"C~1, C~2, H~1, N~1, N~2, O~1, S~2",0.0783,0.26,0.0629,0.969
NSC_101749,22,"C~1, C~2, H~1, N~1, O~1, O~2",0.0786,0.2087,0.0635,0.969
NSC_101319,37,"C~1, C~2, H~1, N~1, N~2, O~1, S~2",0.0794,0.1877,0.0643,0.9656
NSC_100962,27,"C~1, C~2, H~1, O~1, O~2",0.0795,0.2141,0.0527,0.9549
NSC_101347,30,"C~1, C~2, H~1, N~1, N~2, S~2",0.0795,0.1471,0.0611,0.9672
NSC_100281,19,"C~1, C~2, H~1, N~1, N~2, S~1",0.0802,0.1562,0.0626,0.9831
NSC_101203,31,"C~1, C~2, H~1, N~1, N~2, O~2, S~1",0.0805,0.2634,0.0634,0.9608
NSC_101504,14,"C~2, H~1, N~1, N~2, O~2",0.0812,0.1764,0.0646,0.972
NSC_100740,22,"C~1, C~2, H~1, N~1, O~1, O~2",0.0819,0.2744,0.0559,0.9571
NSC_100615,22,"C~2, H~1, O~1, O~2, S~2",0.082,0.2415,0.0643,0.9849
NSC_101764,32,"C~1, C~2, H~1, N~1, N~2, O~1, S~1",0.082,0.2164,0.0609,0.9695
NSC_100924,27,"C~1, C~2, H~1, N~2, O~2, S~2",0.0822,0.3249,0.0529,0.9811
NSC_100802,35,"C~1, C~2, H~1, N~1, N~2, O~1, O~2, S~2",0.0823,0.2025,0.0601,0.9494
NSC_101885,12,"C~1, H~1, O~2, S~2",0.0823,0.2094,0.054,0.9918
NSC_100408,18,"C~1, C~2, H~1, N~1, N~2, O~2",0.083,0.1699,0.0627,0.9495
NSC_10055,12,"C~2, H~1, O~1, O~2, S~1",0.0846,0.1494,0.0711,0.9725
NSC_101612,31,"C~1, C~2, H~1, N~1, N~2, O~1, O~2, S~1",0.0846,0.2501,0.0639,0.9587
NSC_10041,26,"C~1, C~2, H~1, O~2",0.0847,0.1894,0.0657,0.954
NSC_100467,17,"C~1, C~2, H~1, N~1, O~2, S~2",0.0847,0.1813,0.0706,0.9685
NSC_100691,34,"C~1, C~2, H~1, O~1, O~2, S~2",0.0851,0.3793,0.0505,0.9707
NSC_100411,21,"C~2, H~1, N~1, N~2, O~2, S~2",0.0868,0.2261,0.065,0.9642
NSC_10115,26,"C~1, C~2, H~1, N~2, O~1, O~2",0.087,0.153,0.0807,0.9515
NSC_10013,20,"C~2, H~1, N~1, N~2, O~1, O~2, S~1",0.0881,0.2081,0.0663,0.9687
NSC_100967,30,"C~1, C~2, H~1, O~1, O~2",0.0905,0.2567,0.0625,0.9577
NSC_100955,31,"C~1, C~2, H~1, N~2, O~2, S~2",0.0906,0.3791,0.0578,0.9728
NSC_101654,17,"C~1, C~2, H~1, N~1, O~1, O~2, S~2",0.0908,0.2575,0.0686,0.9724
NSC_100284,19,"C~1, C~2, H~1, N~1, N~2, O~1",0.0913,0.1905,0.0716,0.9953
NSC_101746,31,"C~2, H~1, N~1, N~2, O~1, O~2, S~2",0.0929,0.2966,0.062,0.9758
NSC_101828,19,"C~1, C~2, H~1, N~1, N~2, O~1, O~2",0.094,0.1792,0.0733,0.9929
NSC_10007,19,"C~1, C~2, H~1, N~1, O~2, S~2",0.0965,0.2538,0.0667,0.9686
NSC_10025,21,"C~1, C~2, H~1, N~1, N~2, S~1, S~2",0.0975,0.2107,0.0734,0.9351
NSC_101743,32,"C~1, C~2, H~1, N~1, N~2, O~1, O~2, S~2",0.0985,0.3072,0.0678,0.9745
NSC_101744,32,"C~1, C~2, H~1, N~1, N~2, O~1, O~2, S~2",0.0991,0.2888,0.069,0.9687
NSC_101353,34,"C~1, C~2, H~1, O~2, S~2",0.1012,0.5066,0.0517,0.9623
NSC_101839,17,"C~2, H~1, N~1, N~2, O~1, O~2",0.1031,0.2573,0.0771,0.9417
NSC_101638,7,"C~2, H~1, N~1, O~1, O~2",0.1059,0.207,0.0656,0.9754
NSC_101824,33,"C~1, C~2, H~1, N~1, N~2",0.106,0.1801,0.0829,0.9917
NSC_101823,30,"C~1, C~2, H~1, N~1, N~2",0.1067,0.1756,0.0826,0.9937
NSC_101621,16,"C~2, H~1, N~1, N~2, S~2",0.1068,0.3326,0.078,0.9487
NSC_101501,17,"C~2, H~1, N~1, N~2, O~2, S~2",0.1147,0.2622,0.0818,0.9605
NSC_100833,27,"C~1, C~2, H~1, O~2, S~2",0.1186,0.4651,0.0705,0.9296
NSC_101342,18,"C~1, C~2, H~1, N~2, O~1, O~2",0.1201,0.4057,0.0834,0.914
NSC_101822,27,"C~1, C~2, H~1, N~1, N~2",0.1206,0.2155,0.098,0.9925
NSC_100228,35,"C~1, C~2, H~1, O~2, S~2",0.1308,0.4372,0.0764,0.9438
